<?xml version="1.0" encoding="UTF-8"?>
<testng-results ignored="0" total="1" passed="1" failed="0" skipped="0">
  <reporter-output>
  </reporter-output>
  <suite started-at="2023-09-29T18:54:38 IST" name="Default suite" finished-at="2023-09-29T18:54:46 IST" duration-ms="8121">
    <groups>
    </groups>
    <test started-at="2023-09-29T18:54:38 IST" name="Default test" finished-at="2023-09-29T18:54:46 IST" duration-ms="8121">
      <class name="scripts.TestCase2">
        <test-method is-config="true" signature="openApp()[pri:0, instance:scripts.TestCase2@1aafa419]" started-at="2023-09-29T18:54:38 IST" name="openApp" finished-at="2023-09-29T18:54:41 IST" duration-ms="2929" status="PASS">
          <reporter-output>
          </reporter-output>
        </test-method> <!-- openApp -->
        <test-method signature="tc2()[pri:0, instance:scripts.TestCase2@1aafa419]" started-at="2023-09-29T18:54:41 IST" name="tc2" finished-at="2023-09-29T18:54:46 IST" duration-ms="4894" status="PASS">
          <reporter-output>
          </reporter-output>
        </test-method> <!-- tc2 -->
        <test-method is-config="true" signature="closeApp(org.testng.ITestResult)[pri:0, instance:scripts.TestCase2@1aafa419]" started-at="2023-09-29T18:54:46 IST" name="closeApp" finished-at="2023-09-29T18:54:46 IST" duration-ms="252" status="PASS">
          <params>
            <param index="0">
              <value>
                <![CDATA[[TestResult name=tc2 status=SUCCESS method=TestCase2.tc2()[pri:0, instance:scripts.TestCase2@1aafa419] output={null}]]]>
              </value>
            </param>
          </params>
          <reporter-output>
          </reporter-output>
        </test-method> <!-- closeApp -->
      </class> <!-- scripts.TestCase2 -->
    </test> <!-- Default test -->
  </suite> <!-- Default suite -->
</testng-results>
